{
  "meta": {
    "format": 3,
    "version": "7.9.2",
    "timestamp": "2025-09-03T23:45:35.767078",
    "branch_coverage": true,
    "show_contexts": true,
    "pyfault_version": "0.1.0",
    "tool": "PyFault",
    "phase": "test_execution",
    "source_dir": "src",
    "test_dir": null
  },
  "totals": {
    "covered_lines": 15,
    "num_statements": 15,
    "percent_covered": 100.0,
    "percent_covered_display": "100",
    "missing_lines": 0,
    "excluded_lines": 0,
    "num_branches": 2,
    "num_partial_branches": 0,
    "covered_branches": 2,
    "missing_branches": 0,
    "test_statistics": {
      "total_tests": 4,
      "passed_tests": 2,
      "failed_tests": 2,
      "skipped_tests": 0
    }
  },
  "files": {
    "src\\equilateral.py": {
      "executed_lines": [
        1,
        4,
        5,
        7,
        8,
        10,
        11,
        13
      ],
      "summary": {
        "covered_lines": 8,
        "num_statements": 8,
        "percent_covered": 100.0,
        "percent_covered_display": "100",
        "missing_lines": 0,
        "excluded_lines": 0,
        "num_branches": 2,
        "num_partial_branches": 0,
        "covered_branches": 2,
        "missing_branches": 0
      },
      "missing_lines": [],
      "excluded_lines": [],
      "contexts": {
        "1": [
          ""
        ],
        "4": [
          ""
        ],
        "5": [
          "examples/dummy-example/tests/test_equilateral.py::test_ea_pass|run",
          "examples/dummy-example/tests/test_equilateral.py::test_ea_fail|run"
        ],
        "7": [
          "examples/dummy-example/tests/test_equilateral.py::test_ea_pass|run",
          "examples/dummy-example/tests/test_equilateral.py::test_ea_fail|run"
        ],
        "10": [
          "examples/dummy-example/tests/test_equilateral.py::test_ea_fail|run"
        ],
        "11": [
          "examples/dummy-example/tests/test_equilateral.py::test_ea_fail|run"
        ],
        "13": [
          "examples/dummy-example/tests/test_equilateral.py::test_ea_fail|run"
        ],
        "8": [
          "examples/dummy-example/tests/test_equilateral.py::test_ea_pass|run"
        ]
      },
      "executed_branches": [
        [
          7,
          8
        ],
        [
          7,
          10
        ]
      ],
      "missing_branches": [],
      "functions": {
        "equilateral_area": {
          "executed_lines": [
            5,
            7,
            8,
            10,
            11,
            13
          ],
          "summary": {
            "covered_lines": 6,
            "num_statements": 6,
            "percent_covered": 100.0,
            "percent_covered_display": "100",
            "missing_lines": 0,
            "excluded_lines": 0,
            "num_branches": 2,
            "num_partial_branches": 0,
            "covered_branches": 2,
            "missing_branches": 0
          },
          "missing_lines": [],
          "excluded_lines": [],
          "executed_branches": [
            [
              7,
              8
            ],
            [
              7,
              10
            ]
          ],
          "missing_branches": []
        },
        "": {
          "executed_lines": [
            1,
            4
          ],
          "summary": {
            "covered_lines": 2,
            "num_statements": 2,
            "percent_covered": 100.0,
            "percent_covered_display": "100",
            "missing_lines": 0,
            "excluded_lines": 0,
            "num_branches": 0,
            "num_partial_branches": 0,
            "covered_branches": 0,
            "missing_branches": 0
          },
          "missing_lines": [],
          "excluded_lines": [],
          "executed_branches": [],
          "missing_branches": []
        }
      },
      "classes": {
        "": {
          "executed_lines": [
            1,
            4,
            5,
            7,
            8,
            10,
            11,
            13
          ],
          "summary": {
            "covered_lines": 8,
            "num_statements": 8,
            "percent_covered": 100.0,
            "percent_covered_display": "100",
            "missing_lines": 0,
            "excluded_lines": 0,
            "num_branches": 2,
            "num_partial_branches": 0,
            "covered_branches": 2,
            "missing_branches": 0
          },
          "missing_lines": [],
          "excluded_lines": [],
          "executed_branches": [
            [
              7,
              8
            ],
            [
              7,
              10
            ]
          ],
          "missing_branches": []
        }
      }
    },
    "src\\isosceles.py": {
      "executed_lines": [
        1,
        4,
        5,
        6,
        8,
        10,
        11
      ],
      "summary": {
        "covered_lines": 7,
        "num_statements": 7,
        "percent_covered": 100.0,
        "percent_covered_display": "100",
        "missing_lines": 0,
        "excluded_lines": 0,
        "num_branches": 0,
        "num_partial_branches": 0,
        "covered_branches": 0,
        "missing_branches": 0
      },
      "missing_lines": [],
      "excluded_lines": [],
      "contexts": {
        "1": [
          ""
        ],
        "4": [
          ""
        ],
        "6": [
          "examples/dummy-example/tests/test_isosceles.py::test_ia_crash|run",
          "examples/dummy-example/tests/test_isosceles.py::test_ia_pass|run"
        ],
        "5": [
          "examples/dummy-example/tests/test_isosceles.py::test_ia_crash|run",
          "examples/dummy-example/tests/test_isosceles.py::test_ia_pass|run"
        ],
        "10": [
          "examples/dummy-example/tests/test_isosceles.py::test_ia_crash|run",
          "examples/dummy-example/tests/test_isosceles.py::test_ia_pass|run"
        ],
        "8": [
          "examples/dummy-example/tests/test_isosceles.py::test_ia_crash|run",
          "examples/dummy-example/tests/test_isosceles.py::test_ia_pass|run"
        ],
        "11": [
          "examples/dummy-example/tests/test_isosceles.py::test_ia_pass|run"
        ]
      },
      "executed_branches": [],
      "missing_branches": [],
      "functions": {
        "isosceles_area": {
          "executed_lines": [
            5,
            10,
            11
          ],
          "summary": {
            "covered_lines": 3,
            "num_statements": 3,
            "percent_covered": 100.0,
            "percent_covered_display": "100",
            "missing_lines": 0,
            "excluded_lines": 0,
            "num_branches": 0,
            "num_partial_branches": 0,
            "covered_branches": 0,
            "missing_branches": 0
          },
          "missing_lines": [],
          "excluded_lines": [],
          "executed_branches": [],
          "missing_branches": []
        },
        "isosceles_area.height": {
          "executed_lines": [
            6,
            8
          ],
          "summary": {
            "covered_lines": 2,
            "num_statements": 2,
            "percent_covered": 100.0,
            "percent_covered_display": "100",
            "missing_lines": 0,
            "excluded_lines": 0,
            "num_branches": 0,
            "num_partial_branches": 0,
            "covered_branches": 0,
            "missing_branches": 0
          },
          "missing_lines": [],
          "excluded_lines": [],
          "executed_branches": [],
          "missing_branches": []
        },
        "": {
          "executed_lines": [
            1,
            4
          ],
          "summary": {
            "covered_lines": 2,
            "num_statements": 2,
            "percent_covered": 100.0,
            "percent_covered_display": "100",
            "missing_lines": 0,
            "excluded_lines": 0,
            "num_branches": 0,
            "num_partial_branches": 0,
            "covered_branches": 0,
            "missing_branches": 0
          },
          "missing_lines": [],
          "excluded_lines": [],
          "executed_branches": [],
          "missing_branches": []
        }
      },
      "classes": {
        "": {
          "executed_lines": [
            1,
            4,
            5,
            6,
            8,
            10,
            11
          ],
          "summary": {
            "covered_lines": 7,
            "num_statements": 7,
            "percent_covered": 100.0,
            "percent_covered_display": "100",
            "missing_lines": 0,
            "excluded_lines": 0,
            "num_branches": 0,
            "num_partial_branches": 0,
            "covered_branches": 0,
            "missing_branches": 0
          },
          "missing_lines": [],
          "excluded_lines": [],
          "executed_branches": [],
          "missing_branches": []
        }
      }
    }
  },
  "tests": {
    "failed": [
      "examples/dummy-example/tests/test_equilateral.py::test_ea_fail",
      "examples/dummy-example/tests/test_isosceles.py::test_ia_crash"
    ],
    "passed": [
      "examples/dummy-example/tests/test_equilateral.py::test_ea_pass",
      "examples/dummy-example/tests/test_isosceles.py::test_ia_pass"
    ],
    "skipped": []
  }
}